
Showing logs for build [32mcb-kubecd-environment-pr-215-2-5q6zj-1[0m stage [32mfrom-build-pack[0m and container [32mstep-credential-initializer-l42lp[0m
{"level":"info","ts":1588819869.5991273,"logger":"fallback-logger","caller":"logging/config.go:69","msg":"Fetch GitHub commit ID from kodata failed: open /var/run/ko/refs/heads/0.8.0-ns-support: no such file or directory"}
{"level":"info","ts":1588819869.5997276,"logger":"fallback-logger","caller":"creds-init/main.go:40","msg":"Credentials initialized."}

Showing logs for build [32mcb-kubecd-environment-pr-215-2-5q6zj-1[0m stage [32mfrom-build-pack[0m and container [32mstep-working-dir-initializer-8brnq[0m
{"level":"info","ts":1588819871.0088985,"logger":"fallback-logger","caller":"logging/config.go:69","msg":"Fetch GitHub commit ID from kodata failed: open /var/run/ko/HEAD: no such file or directory"}
{"level":"info","ts":1588819871.0106556,"logger":"fallback-logger","caller":"bash/main.go:64","msg":"Successfully executed command \"sh -c mkdir -p /workspace/source\"; output "}

Showing logs for build [32mcb-kubecd-environment-pr-215-2-5q6zj-1[0m stage [32mfrom-build-pack[0m and container [32mstep-place-tools[0m

Showing logs for build [32mcb-kubecd-environment-pr-215-2-5q6zj-1[0m stage [32mfrom-build-pack[0m and container [32mstep-git-source-cb-kubecd-environment-pr-215-2-5q6zj-9fwg6[0m
{"level":"info","ts":1588819875.1939154,"logger":"fallback-logger","caller":"logging/config.go:69","msg":"Fetch GitHub commit ID from kodata failed: open /var/run/ko/refs/heads/0.8.0-ns-support: no such file or directory"}
{"level":"info","ts":1588819881.533648,"logger":"fallback-logger","caller":"git/git.go:103","msg":"Successfully cloned https://github.com/cb-kubecd/environment-pr-215-2-boot-vault-gke-production.git @ master in path /workspace/source"}

Showing logs for build [32mcb-kubecd-environment-pr-215-2-5q6zj-1[0m stage [32mfrom-build-pack[0m and container [32mstep-git-merge[0m
Using SHAs from PULL_REFS=master:e0d0f68f47b6714059836666d23700a866779eeb,1:e6ba30ed5e2ab811f6d0c4be6bdea0bd93732ed9
DEBUG: LC_ALL=C JX_LOG_LEVEL=error git fetch origin --unshallow e6ba30ed5e2ab811f6d0c4be6bdea0bd93732ed9: e0d0f68f47b6714059836666d23700a866779eeb:
DEBUG: ran git fetch --unshallow origin e6ba30ed5e2ab811f6d0c4be6bdea0bd93732ed9: e0d0f68f47b6714059836666d23700a866779eeb: in 
DEBUG: LC_ALL=C JX_LOG_LEVEL=error git branch
DEBUG: LC_ALL=C JX_LOG_LEVEL=error git checkout master
DEBUG: ran git checkout master in 
DEBUG: JX_LOG_LEVEL=error LC_ALL=C git reset --hard e0d0f68f47b6714059836666d23700a866779eeb
DEBUG: ran git reset --hard e0d0f68f47b6714059836666d23700a866779eeb in 
DEBUG: LC_ALL=C JX_LOG_LEVEL=error git clean -fd .
DEBUG: ran clean --force -d . in 
DEBUG: LC_ALL=C JX_LOG_LEVEL=error git merge e6ba30ed5e2ab811f6d0c4be6bdea0bd93732ed9
DEBUG: ran git merge e6ba30ed5e2ab811f6d0c4be6bdea0bd93732ed9 in 
DEBUG: LC_ALL=C JX_LOG_LEVEL=error git log --format=%H%x1f%an%x1f%ae%x1f%cn%x1f%ce%x1f%s%n%b%x1e e0d0f68f47b6714059836666d23700a866779eeb..HEAD
Merged SHA e6ba30ed5e2ab811f6d0c4be6bdea0bd93732ed9 with commit message 'chore: Promote bdd-spring-1588818484 to version 0.0.1' into base branch master

Showing logs for build [32mcb-kubecd-environment-pr-215-2-5q6zj-1[0m stage [32mfrom-build-pack[0m and container [32mstep-build-helm-build[0m
WARNING: No $CHART_REPOSITORY defined so using the default value of: http://jenkins-x-chartmuseum:8080
Adding missing Helm repo: storage.googleapis.com https://storage.googleapis.com/chartmuseum.jenkins-x.io
WARNING: No secrets found on "helm/repos" due: reading the secret "helm/repos" from vault: no secret "helm/repos" not found in vault
Read credentials for https://storage.googleapis.com/chartmuseum.jenkins-x.io from vault helm/repos
Successfully added Helm repository storage.googleapis.com.
Adding missing Helm repo: jenkins-x-chartmuseum http://jenkins-x-chartmuseum:8080
WARNING: No secrets found on "helm/repos" due: reading the secret "helm/repos" from vault: no secret "helm/repos" not found in vault
Read credentials for http://jenkins-x-chartmuseum:8080 from vault helm/repos
Successfully added Helm repository jenkins-x-chartmuseum.
WARNING: No $CHART_REPOSITORY defined so using the default value of: http://jenkins-x-chartmuseum:8080
Adding missing Helm repo: chartmuseum.jenkins-x.io http://chartmuseum.jenkins-x.io
WARNING: No secrets found on "helm/repos" due: reading the secret "helm/repos" from vault: no secret "helm/repos" not found in vault
Read credentials for http://chartmuseum.jenkins-x.io from vault helm/repos
Successfully added Helm repository chartmuseum.jenkins-x.io.
